<?xml version="1.0" encoding="UTF-8"?>
<!-- Generated by org.testng.reporters.JUnitXMLReporter -->
<testsuite ignored="0" hostname="BoraTechs-MacBook-Pro.local" failures="0" tests="3" name="Test2" time="0.007" errors="0" timestamp="04 Aug 2021 01:04:00 GMT">
  <testcase classname="batch_6_framework.PracticeTestNG2" name="test_1" time="0.001"/>
  <testcase classname="batch_6_framework.PracticeTestNG2" name="test_2" time="0.001"/>
  <testcase classname="batch_6_framework.PracticeTestNG2" name="test_3" time="0.001"/>
</testsuite> <!-- Test2 -->
