<?xml version="1.0" encoding="UTF-8"?>
<!-- Generated by org.testng.reporters.JUnitXMLReporter -->
<testsuite ignored="2" hostname="BoraTechs-MBP.fios-router.home" failures="1" tests="2" name="Test" time="23.081" errors="0" timestamp="06 Aug 2021 00:19:59 GMT">
  <testcase classname="batch_6_framework.TestCase2" name="CreateUser" time="0.411">
    <failure type="java.lang.AssertionError" message="expected:&amp;lt;invlaid creditial&amp;gt; but was:&amp;lt;invalid&amp;gt;">
      <![CDATA[java.lang.AssertionError: expected:<invlaid creditial> but was:<invalid>
at batch_6_framework.TestCase2.CreateUser(TestCase2.java:56)
... Removed 27 stack frames]]>
    </failure>
  </testcase> <!-- CreateUser -->
  <testcase classname="batch_6_framework.TestCase2" name="verifyLogin" time="0.381"/>
  <testcase classname="batch_6_framework.TestCase2" name="verifyEducation" time="0.0">
    <ignored/>
  </testcase> <!-- verifyEducation -->
  <testcase classname="batch_6_framework.TestCase2" name="verifyExpirence" time="0.0">
    <ignored/>
  </testcase> <!-- verifyExpirence -->
</testsuite> <!-- Test -->
